
*** Running vivado
    with args -log system_xlconcat_1_0.vds -m64 -product Vivado -mode batch -messageDb vivado.pb -notrace -source system_xlconcat_1_0.tcl


****** Vivado v2017.1 (64-bit)
  **** SW Build 1846317 on Fri Apr 14 18:54:47 MDT 2017
  **** IP Build 1846188 on Fri Apr 14 20:52:08 MDT 2017
    ** Copyright 1986-2017 Xilinx, Inc. All Rights Reserved.

source system_xlconcat_1_0.tcl -notrace
Starting RTL Elaboration : Time (s): cpu = 00:00:04 ; elapsed = 00:00:04 . Memory (MB): peak = 1146.238 ; gain = 45.996 ; free physical = 1792 ; free virtual = 6259
INFO: [Synth 8-638] synthesizing module 'system_xlconcat_1_0' [/home/krueger/cs5222/projects/project2/cs5222-lab-fpga-mlp/zynq/build/system.srcs/sources_1/bd/system/ip/system_xlconcat_1_0/synth/system_xlconcat_1_0.v:58]
INFO: [Synth 8-638] synthesizing module 'xlconcat_v2_1_1_xlconcat' [/home/krueger/cs5222/projects/project2/cs5222-lab-fpga-mlp/zynq/build/system.srcs/sources_1/bd/system/ipshared/73b7/hdl/xlconcat_v2_1_vl_rfs.v:14]
INFO: [Synth 8-256] done synthesizing module 'xlconcat_v2_1_1_xlconcat' (1#1) [/home/krueger/cs5222/projects/project2/cs5222-lab-fpga-mlp/zynq/build/system.srcs/sources_1/bd/system/ipshared/73b7/hdl/xlconcat_v2_1_vl_rfs.v:14]
INFO: [Synth 8-256] done synthesizing module 'system_xlconcat_1_0' (2#1) [/home/krueger/cs5222/projects/project2/cs5222-lab-fpga-mlp/zynq/build/system.srcs/sources_1/bd/system/ip/system_xlconcat_1_0/synth/system_xlconcat_1_0.v:58]
Finished RTL Elaboration : Time (s): cpu = 00:00:05 ; elapsed = 00:00:05 . Memory (MB): peak = 1186.738 ; gain = 86.496 ; free physical = 1802 ; free virtual = 6270
Finished RTL Optimization Phase 1 : Time (s): cpu = 00:00:05 ; elapsed = 00:00:05 . Memory (MB): peak = 1186.738 ; gain = 86.496 ; free physical = 1801 ; free virtual = 6269
INFO: [Device 21-403] Loading part xc7z020clg484-1
Constraint Validation Runtime : Time (s): cpu = 00:00:00.02 ; elapsed = 00:00:00.02 . Memory (MB): peak = 1426.746 ; gain = 0.000 ; free physical = 1080 ; free virtual = 5548
Finished Constraint Validation : Time (s): cpu = 00:00:16 ; elapsed = 00:00:17 . Memory (MB): peak = 1426.746 ; gain = 326.504 ; free physical = 1200 ; free virtual = 5668
Finished Loading Part and Timing Information : Time (s): cpu = 00:00:16 ; elapsed = 00:00:17 . Memory (MB): peak = 1426.746 ; gain = 326.504 ; free physical = 1200 ; free virtual = 5668
Finished applying 'set_property' XDC Constraints : Time (s): cpu = 00:00:16 ; elapsed = 00:00:17 . Memory (MB): peak = 1426.746 ; gain = 326.504 ; free physical = 1201 ; free virtual = 5669
Finished RTL Optimization Phase 2 : Time (s): cpu = 00:00:16 ; elapsed = 00:00:17 . Memory (MB): peak = 1426.746 ; gain = 326.504 ; free physical = 1201 ; free virtual = 5669
Finished Cross Boundary and Area Optimization : Time (s): cpu = 00:00:17 ; elapsed = 00:00:17 . Memory (MB): peak = 1426.746 ; gain = 326.504 ; free physical = 1201 ; free virtual = 5669
Finished Applying XDC Timing Constraints : Time (s): cpu = 00:00:25 ; elapsed = 00:00:25 . Memory (MB): peak = 1472.746 ; gain = 372.504 ; free physical = 995 ; free virtual = 5463
Finished Timing Optimization : Time (s): cpu = 00:00:25 ; elapsed = 00:00:25 . Memory (MB): peak = 1472.746 ; gain = 372.504 ; free physical = 995 ; free virtual = 5463
Finished Technology Mapping : Time (s): cpu = 00:00:25 ; elapsed = 00:00:25 . Memory (MB): peak = 1482.762 ; gain = 382.520 ; free physical = 992 ; free virtual = 5460
Finished IO Insertion : Time (s): cpu = 00:00:25 ; elapsed = 00:00:26 . Memory (MB): peak = 1482.762 ; gain = 382.520 ; free physical = 936 ; free virtual = 5404
Finished Renaming Generated Instances : Time (s): cpu = 00:00:25 ; elapsed = 00:00:26 . Memory (MB): peak = 1482.762 ; gain = 382.520 ; free physical = 936 ; free virtual = 5404
Finished Rebuilding User Hierarchy : Time (s): cpu = 00:00:25 ; elapsed = 00:00:26 . Memory (MB): peak = 1482.762 ; gain = 382.520 ; free physical = 936 ; free virtual = 5404
Finished Renaming Generated Ports : Time (s): cpu = 00:00:25 ; elapsed = 00:00:26 . Memory (MB): peak = 1482.762 ; gain = 382.520 ; free physical = 935 ; free virtual = 5403
Finished Handling Custom Attributes : Time (s): cpu = 00:00:25 ; elapsed = 00:00:26 . Memory (MB): peak = 1482.762 ; gain = 382.520 ; free physical = 935 ; free virtual = 5403
Finished Renaming Generated Nets : Time (s): cpu = 00:00:25 ; elapsed = 00:00:26 . Memory (MB): peak = 1482.762 ; gain = 382.520 ; free physical = 935 ; free virtual = 5403

Report Cell Usage: 
+-+-----+------+
| |Cell |Count |
+-+-----+------+
+-+-----+------+
Finished Writing Synthesis Report : Time (s): cpu = 00:00:25 ; elapsed = 00:00:26 . Memory (MB): peak = 1482.762 ; gain = 382.520 ; free physical = 935 ; free virtual = 5403
synth_design: Time (s): cpu = 00:00:27 ; elapsed = 00:00:27 . Memory (MB): peak = 1487.762 ; gain = 400.105 ; free physical = 989 ; free virtual = 5457
