
*** Running vivado
    with args -log system_auto_pc_0.vds -m64 -product Vivado -mode batch -messageDb vivado.pb -notrace -source system_auto_pc_0.tcl


****** Vivado v2017.1 (64-bit)
  **** SW Build 1846317 on Fri Apr 14 18:54:47 MDT 2017
  **** IP Build 1846188 on Fri Apr 14 20:52:08 MDT 2017
    ** Copyright 1986-2017 Xilinx, Inc. All Rights Reserved.

source system_auto_pc_0.tcl -notrace
Starting RTL Elaboration : Time (s): cpu = 00:00:05 ; elapsed = 00:00:05 . Memory (MB): peak = 1153.238 ; gain = 52.996 ; free physical = 1230 ; free virtual = 5710
INFO: [Synth 8-638] synthesizing module 'system_auto_pc_0' [/home/krueger/cs5222/projects/project2/cs5222-lab-fpga-mlp/zynq/build/system.srcs/sources_1/bd/system/ip/system_auto_pc_0/synth/system_auto_pc_0.v:58]
INFO: [Synth 8-638] synthesizing module 'axi_protocol_converter_v2_1_12_axi_protocol_converter' [/home/krueger/cs5222/projects/project2/cs5222-lab-fpga-mlp/zynq/build/system.srcs/sources_1/bd/system/ipshared/138d/hdl/axi_protocol_converter_v2_1_vl_rfs.v:4811]
INFO: [Synth 8-638] synthesizing module 'axi_protocol_converter_v2_1_12_b2s' [/home/krueger/cs5222/projects/project2/cs5222-lab-fpga-mlp/zynq/build/system.srcs/sources_1/bd/system/ipshared/138d/hdl/axi_protocol_converter_v2_1_vl_rfs.v:4229]
INFO: [Synth 8-638] synthesizing module 'axi_protocol_converter_v2_1_12_b2s_aw_channel' [/home/krueger/cs5222/projects/project2/cs5222-lab-fpga-mlp/zynq/build/system.srcs/sources_1/bd/system/ipshared/138d/hdl/axi_protocol_converter_v2_1_vl_rfs.v:3974]
INFO: [Synth 8-638] synthesizing module 'axi_protocol_converter_v2_1_12_b2s_cmd_translator' [/home/krueger/cs5222/projects/project2/cs5222-lab-fpga-mlp/zynq/build/system.srcs/sources_1/bd/system/ipshared/138d/hdl/axi_protocol_converter_v2_1_vl_rfs.v:3467]
INFO: [Synth 8-638] synthesizing module 'axi_protocol_converter_v2_1_12_b2s_incr_cmd' [/home/krueger/cs5222/projects/project2/cs5222-lab-fpga-mlp/zynq/build/system.srcs/sources_1/bd/system/ipshared/138d/hdl/axi_protocol_converter_v2_1_vl_rfs.v:3093]
INFO: [Synth 8-256] done synthesizing module 'axi_protocol_converter_v2_1_12_b2s_incr_cmd' (1#1) [/home/krueger/cs5222/projects/project2/cs5222-lab-fpga-mlp/zynq/build/system.srcs/sources_1/bd/system/ipshared/138d/hdl/axi_protocol_converter_v2_1_vl_rfs.v:3093]
INFO: [Synth 8-638] synthesizing module 'axi_protocol_converter_v2_1_12_b2s_wrap_cmd' [/home/krueger/cs5222/projects/project2/cs5222-lab-fpga-mlp/zynq/build/system.srcs/sources_1/bd/system/ipshared/138d/hdl/axi_protocol_converter_v2_1_vl_rfs.v:2903]
INFO: [Synth 8-256] done synthesizing module 'axi_protocol_converter_v2_1_12_b2s_wrap_cmd' (2#1) [/home/krueger/cs5222/projects/project2/cs5222-lab-fpga-mlp/zynq/build/system.srcs/sources_1/bd/system/ipshared/138d/hdl/axi_protocol_converter_v2_1_vl_rfs.v:2903]
INFO: [Synth 8-256] done synthesizing module 'axi_protocol_converter_v2_1_12_b2s_cmd_translator' (3#1) [/home/krueger/cs5222/projects/project2/cs5222-lab-fpga-mlp/zynq/build/system.srcs/sources_1/bd/system/ipshared/138d/hdl/axi_protocol_converter_v2_1_vl_rfs.v:3467]
INFO: [Synth 8-638] synthesizing module 'axi_protocol_converter_v2_1_12_b2s_wr_cmd_fsm' [/home/krueger/cs5222/projects/project2/cs5222-lab-fpga-mlp/zynq/build/system.srcs/sources_1/bd/system/ipshared/138d/hdl/axi_protocol_converter_v2_1_vl_rfs.v:3225]
INFO: [Synth 8-256] done synthesizing module 'axi_protocol_converter_v2_1_12_b2s_wr_cmd_fsm' (4#1) [/home/krueger/cs5222/projects/project2/cs5222-lab-fpga-mlp/zynq/build/system.srcs/sources_1/bd/system/ipshared/138d/hdl/axi_protocol_converter_v2_1_vl_rfs.v:3225]
INFO: [Synth 8-256] done synthesizing module 'axi_protocol_converter_v2_1_12_b2s_aw_channel' (5#1) [/home/krueger/cs5222/projects/project2/cs5222-lab-fpga-mlp/zynq/build/system.srcs/sources_1/bd/system/ipshared/138d/hdl/axi_protocol_converter_v2_1_vl_rfs.v:3974]
INFO: [Synth 8-638] synthesizing module 'axi_protocol_converter_v2_1_12_b2s_b_channel' [/home/krueger/cs5222/projects/project2/cs5222-lab-fpga-mlp/zynq/build/system.srcs/sources_1/bd/system/ipshared/138d/hdl/axi_protocol_converter_v2_1_vl_rfs.v:3609]
INFO: [Synth 8-638] synthesizing module 'axi_protocol_converter_v2_1_12_b2s_simple_fifo' [/home/krueger/cs5222/projects/project2/cs5222-lab-fpga-mlp/zynq/build/system.srcs/sources_1/bd/system/ipshared/138d/hdl/axi_protocol_converter_v2_1_vl_rfs.v:2816]
INFO: [Synth 8-256] done synthesizing module 'axi_protocol_converter_v2_1_12_b2s_simple_fifo' (6#1) [/home/krueger/cs5222/projects/project2/cs5222-lab-fpga-mlp/zynq/build/system.srcs/sources_1/bd/system/ipshared/138d/hdl/axi_protocol_converter_v2_1_vl_rfs.v:2816]
INFO: [Synth 8-638] synthesizing module 'axi_protocol_converter_v2_1_12_b2s_simple_fifo__parameterized0' [/home/krueger/cs5222/projects/project2/cs5222-lab-fpga-mlp/zynq/build/system.srcs/sources_1/bd/system/ipshared/138d/hdl/axi_protocol_converter_v2_1_vl_rfs.v:2816]
INFO: [Synth 8-256] done synthesizing module 'axi_protocol_converter_v2_1_12_b2s_simple_fifo__parameterized0' (6#1) [/home/krueger/cs5222/projects/project2/cs5222-lab-fpga-mlp/zynq/build/system.srcs/sources_1/bd/system/ipshared/138d/hdl/axi_protocol_converter_v2_1_vl_rfs.v:2816]
INFO: [Synth 8-256] done synthesizing module 'axi_protocol_converter_v2_1_12_b2s_b_channel' (7#1) [/home/krueger/cs5222/projects/project2/cs5222-lab-fpga-mlp/zynq/build/system.srcs/sources_1/bd/system/ipshared/138d/hdl/axi_protocol_converter_v2_1_vl_rfs.v:3609]
INFO: [Synth 8-638] synthesizing module 'axi_protocol_converter_v2_1_12_b2s_ar_channel' [/home/krueger/cs5222/projects/project2/cs5222-lab-fpga-mlp/zynq/build/system.srcs/sources_1/bd/system/ipshared/138d/hdl/axi_protocol_converter_v2_1_vl_rfs.v:4085]
INFO: [Synth 8-638] synthesizing module 'axi_protocol_converter_v2_1_12_b2s_rd_cmd_fsm' [/home/krueger/cs5222/projects/project2/cs5222-lab-fpga-mlp/zynq/build/system.srcs/sources_1/bd/system/ipshared/138d/hdl/axi_protocol_converter_v2_1_vl_rfs.v:3336]
INFO: [Synth 8-256] done synthesizing module 'axi_protocol_converter_v2_1_12_b2s_rd_cmd_fsm' (8#1) [/home/krueger/cs5222/projects/project2/cs5222-lab-fpga-mlp/zynq/build/system.srcs/sources_1/bd/system/ipshared/138d/hdl/axi_protocol_converter_v2_1_vl_rfs.v:3336]
INFO: [Synth 8-256] done synthesizing module 'axi_protocol_converter_v2_1_12_b2s_ar_channel' (9#1) [/home/krueger/cs5222/projects/project2/cs5222-lab-fpga-mlp/zynq/build/system.srcs/sources_1/bd/system/ipshared/138d/hdl/axi_protocol_converter_v2_1_vl_rfs.v:4085]
INFO: [Synth 8-638] synthesizing module 'axi_protocol_converter_v2_1_12_b2s_r_channel' [/home/krueger/cs5222/projects/project2/cs5222-lab-fpga-mlp/zynq/build/system.srcs/sources_1/bd/system/ipshared/138d/hdl/axi_protocol_converter_v2_1_vl_rfs.v:3814]
INFO: [Synth 8-638] synthesizing module 'axi_protocol_converter_v2_1_12_b2s_simple_fifo__parameterized1' [/home/krueger/cs5222/projects/project2/cs5222-lab-fpga-mlp/zynq/build/system.srcs/sources_1/bd/system/ipshared/138d/hdl/axi_protocol_converter_v2_1_vl_rfs.v:2816]
INFO: [Synth 8-256] done synthesizing module 'axi_protocol_converter_v2_1_12_b2s_simple_fifo__parameterized1' (9#1) [/home/krueger/cs5222/projects/project2/cs5222-lab-fpga-mlp/zynq/build/system.srcs/sources_1/bd/system/ipshared/138d/hdl/axi_protocol_converter_v2_1_vl_rfs.v:2816]
INFO: [Synth 8-638] synthesizing module 'axi_protocol_converter_v2_1_12_b2s_simple_fifo__parameterized2' [/home/krueger/cs5222/projects/project2/cs5222-lab-fpga-mlp/zynq/build/system.srcs/sources_1/bd/system/ipshared/138d/hdl/axi_protocol_converter_v2_1_vl_rfs.v:2816]
INFO: [Synth 8-256] done synthesizing module 'axi_protocol_converter_v2_1_12_b2s_simple_fifo__parameterized2' (9#1) [/home/krueger/cs5222/projects/project2/cs5222-lab-fpga-mlp/zynq/build/system.srcs/sources_1/bd/system/ipshared/138d/hdl/axi_protocol_converter_v2_1_vl_rfs.v:2816]
INFO: [Synth 8-256] done synthesizing module 'axi_protocol_converter_v2_1_12_b2s_r_channel' (10#1) [/home/krueger/cs5222/projects/project2/cs5222-lab-fpga-mlp/zynq/build/system.srcs/sources_1/bd/system/ipshared/138d/hdl/axi_protocol_converter_v2_1_vl_rfs.v:3814]
INFO: [Synth 8-638] synthesizing module 'axi_register_slice_v2_1_12_axi_register_slice' [/home/krueger/cs5222/projects/project2/cs5222-lab-fpga-mlp/zynq/build/system.srcs/sources_1/bd/system/ipshared/0e33/hdl/axi_register_slice_v2_1_vl_rfs.v:791]
INFO: [Synth 8-638] synthesizing module 'axi_infrastructure_v1_1_0_axi2vector' [/home/krueger/cs5222/projects/project2/cs5222-lab-fpga-mlp/zynq/build/system.srcs/sources_1/bd/system/ipshared/7e3a/hdl/axi_infrastructure_v1_1_vl_rfs.v:60]
INFO: [Synth 8-256] done synthesizing module 'axi_infrastructure_v1_1_0_axi2vector' (11#1) [/home/krueger/cs5222/projects/project2/cs5222-lab-fpga-mlp/zynq/build/system.srcs/sources_1/bd/system/ipshared/7e3a/hdl/axi_infrastructure_v1_1_vl_rfs.v:60]
INFO: [Synth 8-638] synthesizing module 'axi_register_slice_v2_1_12_axic_register_slice' [/home/krueger/cs5222/projects/project2/cs5222-lab-fpga-mlp/zynq/build/system.srcs/sources_1/bd/system/ipshared/0e33/hdl/axi_register_slice_v2_1_vl_rfs.v:85]
INFO: [Synth 8-256] done synthesizing module 'axi_register_slice_v2_1_12_axic_register_slice' (12#1) [/home/krueger/cs5222/projects/project2/cs5222-lab-fpga-mlp/zynq/build/system.srcs/sources_1/bd/system/ipshared/0e33/hdl/axi_register_slice_v2_1_vl_rfs.v:85]
INFO: [Synth 8-638] synthesizing module 'axi_register_slice_v2_1_12_axic_register_slice__parameterized0' [/home/krueger/cs5222/projects/project2/cs5222-lab-fpga-mlp/zynq/build/system.srcs/sources_1/bd/system/ipshared/0e33/hdl/axi_register_slice_v2_1_vl_rfs.v:85]
INFO: [Synth 8-256] done synthesizing module 'axi_register_slice_v2_1_12_axic_register_slice__parameterized0' (12#1) [/home/krueger/cs5222/projects/project2/cs5222-lab-fpga-mlp/zynq/build/system.srcs/sources_1/bd/system/ipshared/0e33/hdl/axi_register_slice_v2_1_vl_rfs.v:85]
INFO: [Synth 8-638] synthesizing module 'axi_register_slice_v2_1_12_axic_register_slice__parameterized1' [/home/krueger/cs5222/projects/project2/cs5222-lab-fpga-mlp/zynq/build/system.srcs/sources_1/bd/system/ipshared/0e33/hdl/axi_register_slice_v2_1_vl_rfs.v:85]
INFO: [Synth 8-256] done synthesizing module 'axi_register_slice_v2_1_12_axic_register_slice__parameterized1' (12#1) [/home/krueger/cs5222/projects/project2/cs5222-lab-fpga-mlp/zynq/build/system.srcs/sources_1/bd/system/ipshared/0e33/hdl/axi_register_slice_v2_1_vl_rfs.v:85]
INFO: [Synth 8-638] synthesizing module 'axi_register_slice_v2_1_12_axic_register_slice__parameterized2' [/home/krueger/cs5222/projects/project2/cs5222-lab-fpga-mlp/zynq/build/system.srcs/sources_1/bd/system/ipshared/0e33/hdl/axi_register_slice_v2_1_vl_rfs.v:85]
INFO: [Synth 8-256] done synthesizing module 'axi_register_slice_v2_1_12_axic_register_slice__parameterized2' (12#1) [/home/krueger/cs5222/projects/project2/cs5222-lab-fpga-mlp/zynq/build/system.srcs/sources_1/bd/system/ipshared/0e33/hdl/axi_register_slice_v2_1_vl_rfs.v:85]
INFO: [Synth 8-638] synthesizing module 'axi_infrastructure_v1_1_0_vector2axi' [/home/krueger/cs5222/projects/project2/cs5222-lab-fpga-mlp/zynq/build/system.srcs/sources_1/bd/system/ipshared/7e3a/hdl/axi_infrastructure_v1_1_vl_rfs.v:474]
INFO: [Synth 8-256] done synthesizing module 'axi_infrastructure_v1_1_0_vector2axi' (13#1) [/home/krueger/cs5222/projects/project2/cs5222-lab-fpga-mlp/zynq/build/system.srcs/sources_1/bd/system/ipshared/7e3a/hdl/axi_infrastructure_v1_1_vl_rfs.v:474]
INFO: [Synth 8-256] done synthesizing module 'axi_register_slice_v2_1_12_axi_register_slice' (14#1) [/home/krueger/cs5222/projects/project2/cs5222-lab-fpga-mlp/zynq/build/system.srcs/sources_1/bd/system/ipshared/0e33/hdl/axi_register_slice_v2_1_vl_rfs.v:791]
INFO: [Synth 8-638] synthesizing module 'axi_register_slice_v2_1_12_axi_register_slice__parameterized0' [/home/krueger/cs5222/projects/project2/cs5222-lab-fpga-mlp/zynq/build/system.srcs/sources_1/bd/system/ipshared/0e33/hdl/axi_register_slice_v2_1_vl_rfs.v:791]
INFO: [Synth 8-638] synthesizing module 'axi_infrastructure_v1_1_0_axi2vector__parameterized0' [/home/krueger/cs5222/projects/project2/cs5222-lab-fpga-mlp/zynq/build/system.srcs/sources_1/bd/system/ipshared/7e3a/hdl/axi_infrastructure_v1_1_vl_rfs.v:60]
INFO: [Synth 8-256] done synthesizing module 'axi_infrastructure_v1_1_0_axi2vector__parameterized0' (14#1) [/home/krueger/cs5222/projects/project2/cs5222-lab-fpga-mlp/zynq/build/system.srcs/sources_1/bd/system/ipshared/7e3a/hdl/axi_infrastructure_v1_1_vl_rfs.v:60]
INFO: [Synth 8-638] synthesizing module 'axi_register_slice_v2_1_12_axic_register_slice__parameterized3' [/home/krueger/cs5222/projects/project2/cs5222-lab-fpga-mlp/zynq/build/system.srcs/sources_1/bd/system/ipshared/0e33/hdl/axi_register_slice_v2_1_vl_rfs.v:85]
INFO: [Synth 8-256] done synthesizing module 'axi_register_slice_v2_1_12_axic_register_slice__parameterized3' (14#1) [/home/krueger/cs5222/projects/project2/cs5222-lab-fpga-mlp/zynq/build/system.srcs/sources_1/bd/system/ipshared/0e33/hdl/axi_register_slice_v2_1_vl_rfs.v:85]
INFO: [Synth 8-638] synthesizing module 'axi_register_slice_v2_1_12_axic_register_slice__parameterized4' [/home/krueger/cs5222/projects/project2/cs5222-lab-fpga-mlp/zynq/build/system.srcs/sources_1/bd/system/ipshared/0e33/hdl/axi_register_slice_v2_1_vl_rfs.v:85]
INFO: [Synth 8-256] done synthesizing module 'axi_register_slice_v2_1_12_axic_register_slice__parameterized4' (14#1) [/home/krueger/cs5222/projects/project2/cs5222-lab-fpga-mlp/zynq/build/system.srcs/sources_1/bd/system/ipshared/0e33/hdl/axi_register_slice_v2_1_vl_rfs.v:85]
INFO: [Synth 8-638] synthesizing module 'axi_register_slice_v2_1_12_axic_register_slice__parameterized5' [/home/krueger/cs5222/projects/project2/cs5222-lab-fpga-mlp/zynq/build/system.srcs/sources_1/bd/system/ipshared/0e33/hdl/axi_register_slice_v2_1_vl_rfs.v:85]
INFO: [Synth 8-256] done synthesizing module 'axi_register_slice_v2_1_12_axic_register_slice__parameterized5' (14#1) [/home/krueger/cs5222/projects/project2/cs5222-lab-fpga-mlp/zynq/build/system.srcs/sources_1/bd/system/ipshared/0e33/hdl/axi_register_slice_v2_1_vl_rfs.v:85]
INFO: [Synth 8-638] synthesizing module 'axi_register_slice_v2_1_12_axic_register_slice__parameterized6' [/home/krueger/cs5222/projects/project2/cs5222-lab-fpga-mlp/zynq/build/system.srcs/sources_1/bd/system/ipshared/0e33/hdl/axi_register_slice_v2_1_vl_rfs.v:85]
INFO: [Synth 8-256] done synthesizing module 'axi_register_slice_v2_1_12_axic_register_slice__parameterized6' (14#1) [/home/krueger/cs5222/projects/project2/cs5222-lab-fpga-mlp/zynq/build/system.srcs/sources_1/bd/system/ipshared/0e33/hdl/axi_register_slice_v2_1_vl_rfs.v:85]
INFO: [Synth 8-638] synthesizing module 'axi_infrastructure_v1_1_0_vector2axi__parameterized0' [/home/krueger/cs5222/projects/project2/cs5222-lab-fpga-mlp/zynq/build/system.srcs/sources_1/bd/system/ipshared/7e3a/hdl/axi_infrastructure_v1_1_vl_rfs.v:474]
INFO: [Synth 8-256] done synthesizing module 'axi_infrastructure_v1_1_0_vector2axi__parameterized0' (14#1) [/home/krueger/cs5222/projects/project2/cs5222-lab-fpga-mlp/zynq/build/system.srcs/sources_1/bd/system/ipshared/7e3a/hdl/axi_infrastructure_v1_1_vl_rfs.v:474]
INFO: [Synth 8-256] done synthesizing module 'axi_register_slice_v2_1_12_axi_register_slice__parameterized0' (14#1) [/home/krueger/cs5222/projects/project2/cs5222-lab-fpga-mlp/zynq/build/system.srcs/sources_1/bd/system/ipshared/0e33/hdl/axi_register_slice_v2_1_vl_rfs.v:791]
INFO: [Synth 8-256] done synthesizing module 'axi_protocol_converter_v2_1_12_b2s' (15#1) [/home/krueger/cs5222/projects/project2/cs5222-lab-fpga-mlp/zynq/build/system.srcs/sources_1/bd/system/ipshared/138d/hdl/axi_protocol_converter_v2_1_vl_rfs.v:4229]
INFO: [Synth 8-256] done synthesizing module 'axi_protocol_converter_v2_1_12_axi_protocol_converter' (16#1) [/home/krueger/cs5222/projects/project2/cs5222-lab-fpga-mlp/zynq/build/system.srcs/sources_1/bd/system/ipshared/138d/hdl/axi_protocol_converter_v2_1_vl_rfs.v:4811]
INFO: [Synth 8-256] done synthesizing module 'system_auto_pc_0' (17#1) [/home/krueger/cs5222/projects/project2/cs5222-lab-fpga-mlp/zynq/build/system.srcs/sources_1/bd/system/ip/system_auto_pc_0/synth/system_auto_pc_0.v:58]
Finished RTL Elaboration : Time (s): cpu = 00:00:34 ; elapsed = 00:00:34 . Memory (MB): peak = 1274.738 ; gain = 174.496 ; free physical = 1142 ; free virtual = 5625
Finished RTL Optimization Phase 1 : Time (s): cpu = 00:00:34 ; elapsed = 00:00:35 . Memory (MB): peak = 1274.738 ; gain = 174.496 ; free physical = 1143 ; free virtual = 5626
INFO: [Device 21-403] Loading part xc7z020clg484-1
Constraint Validation Runtime : Time (s): cpu = 00:00:00.09 ; elapsed = 00:00:00.09 . Memory (MB): peak = 1540.035 ; gain = 0.000 ; free physical = 748 ; free virtual = 5230
Finished Constraint Validation : Time (s): cpu = 00:00:46 ; elapsed = 00:00:47 . Memory (MB): peak = 1540.035 ; gain = 439.793 ; free physical = 721 ; free virtual = 5204
Finished Loading Part and Timing Information : Time (s): cpu = 00:00:46 ; elapsed = 00:00:47 . Memory (MB): peak = 1540.035 ; gain = 439.793 ; free physical = 721 ; free virtual = 5204
Finished applying 'set_property' XDC Constraints : Time (s): cpu = 00:00:46 ; elapsed = 00:00:47 . Memory (MB): peak = 1540.035 ; gain = 439.793 ; free physical = 723 ; free virtual = 5205
Finished RTL Optimization Phase 2 : Time (s): cpu = 00:00:47 ; elapsed = 00:00:48 . Memory (MB): peak = 1540.035 ; gain = 439.793 ; free physical = 707 ; free virtual = 5189
Finished Cross Boundary and Area Optimization : Time (s): cpu = 00:00:49 ; elapsed = 00:00:49 . Memory (MB): peak = 1540.035 ; gain = 439.793 ; free physical = 690 ; free virtual = 5172
Finished Applying XDC Timing Constraints : Time (s): cpu = 00:00:57 ; elapsed = 00:00:58 . Memory (MB): peak = 1540.035 ; gain = 439.793 ; free physical = 575 ; free virtual = 5058
Finished Timing Optimization : Time (s): cpu = 00:00:58 ; elapsed = 00:00:59 . Memory (MB): peak = 1564.645 ; gain = 464.402 ; free physical = 530 ; free virtual = 5013
Finished Technology Mapping : Time (s): cpu = 00:00:59 ; elapsed = 00:01:00 . Memory (MB): peak = 1572.652 ; gain = 472.410 ; free physical = 520 ; free virtual = 5003
Finished IO Insertion : Time (s): cpu = 00:00:59 ; elapsed = 00:01:01 . Memory (MB): peak = 1572.652 ; gain = 472.410 ; free physical = 515 ; free virtual = 4998
Finished Renaming Generated Instances : Time (s): cpu = 00:00:59 ; elapsed = 00:01:01 . Memory (MB): peak = 1572.652 ; gain = 472.410 ; free physical = 515 ; free virtual = 4998
Finished Rebuilding User Hierarchy : Time (s): cpu = 00:01:00 ; elapsed = 00:01:01 . Memory (MB): peak = 1572.652 ; gain = 472.410 ; free physical = 515 ; free virtual = 4998
Finished Renaming Generated Ports : Time (s): cpu = 00:01:00 ; elapsed = 00:01:01 . Memory (MB): peak = 1572.652 ; gain = 472.410 ; free physical = 515 ; free virtual = 4998
Finished Handling Custom Attributes : Time (s): cpu = 00:01:00 ; elapsed = 00:01:01 . Memory (MB): peak = 1572.652 ; gain = 472.410 ; free physical = 515 ; free virtual = 4998
Finished Renaming Generated Nets : Time (s): cpu = 00:01:00 ; elapsed = 00:01:01 . Memory (MB): peak = 1572.652 ; gain = 472.410 ; free physical = 515 ; free virtual = 4998

Report Cell Usage: 
+------+--------+------+
|      |Cell    |Count |
+------+--------+------+
|1     |CARRY4  |    18|
|2     |LUT1    |    38|
|3     |LUT2    |    18|
|4     |LUT3    |   236|
|5     |LUT4    |    48|
|6     |LUT5    |    73|
|7     |LUT6    |   103|
|8     |SRL16E  |    18|
|9     |SRLC32E |    47|
|10    |FDRE    |   550|
|11    |FDSE    |    48|
+------+--------+------+
Finished Writing Synthesis Report : Time (s): cpu = 00:01:00 ; elapsed = 00:01:01 . Memory (MB): peak = 1572.652 ; gain = 472.410 ; free physical = 515 ; free virtual = 4998
synth_design: Time (s): cpu = 00:01:02 ; elapsed = 00:01:03 . Memory (MB): peak = 1572.660 ; gain = 485.004 ; free physical = 557 ; free virtual = 5040
