
*** Running vivado
    with args -log system_s00_data_fifo_1.vds -m64 -product Vivado -mode batch -messageDb vivado.pb -notrace -source system_s00_data_fifo_1.tcl


****** Vivado v2017.1 (64-bit)
  **** SW Build 1846317 on Fri Apr 14 18:54:47 MDT 2017
  **** IP Build 1846188 on Fri Apr 14 20:52:08 MDT 2017
    ** Copyright 1986-2017 Xilinx, Inc. All Rights Reserved.

source system_s00_data_fifo_1.tcl -notrace
Starting RTL Elaboration : Time (s): cpu = 00:00:05 ; elapsed = 00:00:05 . Memory (MB): peak = 1150.234 ; gain = 49.996 ; free physical = 1630 ; free virtual = 6110
INFO: [Synth 8-638] synthesizing module 'system_s00_data_fifo_1' [/home/krueger/cs5222/projects/project2/cs5222-lab-fpga-mlp/zynq/build/system.srcs/sources_1/bd/system/ip/system_s00_data_fifo_1/synth/system_s00_data_fifo_1.v:58]
INFO: [Synth 8-638] synthesizing module 'axi_data_fifo_v2_1_11_axi_data_fifo' [/home/krueger/cs5222/projects/project2/cs5222-lab-fpga-mlp/zynq/build/system.srcs/sources_1/bd/system/ipshared/5235/hdl/axi_data_fifo_v2_1_vl_rfs.v:1283]
INFO: [Synth 8-256] done synthesizing module 'axi_data_fifo_v2_1_11_axi_data_fifo' (30#1) [/home/krueger/cs5222/projects/project2/cs5222-lab-fpga-mlp/zynq/build/system.srcs/sources_1/bd/system/ipshared/5235/hdl/axi_data_fifo_v2_1_vl_rfs.v:1283]
INFO: [Synth 8-256] done synthesizing module 'system_s00_data_fifo_1' (31#1) [/home/krueger/cs5222/projects/project2/cs5222-lab-fpga-mlp/zynq/build/system.srcs/sources_1/bd/system/ip/system_s00_data_fifo_1/synth/system_s00_data_fifo_1.v:58]
Finished RTL Elaboration : Time (s): cpu = 00:01:05 ; elapsed = 00:01:06 . Memory (MB): peak = 1367.633 ; gain = 267.395 ; free physical = 799 ; free virtual = 5282
Finished RTL Optimization Phase 1 : Time (s): cpu = 00:01:06 ; elapsed = 00:01:06 . Memory (MB): peak = 1367.633 ; gain = 267.395 ; free physical = 816 ; free virtual = 5299
INFO: [Device 21-403] Loading part xc7z020clg484-1
Constraint Validation Runtime : Time (s): cpu = 00:00:00.05 ; elapsed = 00:00:00.04 . Memory (MB): peak = 1508.648 ; gain = 0.000 ; free physical = 413 ; free virtual = 4896
Finished Constraint Validation : Time (s): cpu = 00:01:18 ; elapsed = 00:01:19 . Memory (MB): peak = 1508.648 ; gain = 408.410 ; free physical = 1068 ; free virtual = 5553
Finished Loading Part and Timing Information : Time (s): cpu = 00:01:18 ; elapsed = 00:01:19 . Memory (MB): peak = 1508.648 ; gain = 408.410 ; free physical = 1068 ; free virtual = 5553
Finished applying 'set_property' XDC Constraints : Time (s): cpu = 00:01:18 ; elapsed = 00:01:19 . Memory (MB): peak = 1508.648 ; gain = 408.410 ; free physical = 1070 ; free virtual = 5555
Finished RTL Optimization Phase 2 : Time (s): cpu = 00:01:19 ; elapsed = 00:01:20 . Memory (MB): peak = 1508.648 ; gain = 408.410 ; free physical = 1052 ; free virtual = 5538
Finished Cross Boundary and Area Optimization : Time (s): cpu = 00:01:20 ; elapsed = 00:01:22 . Memory (MB): peak = 1508.648 ; gain = 408.410 ; free physical = 1036 ; free virtual = 5522
---------------------------------------------------------------------------------
Start ROM, RAM, DSP and Shift Register Reporting
---------------------------------------------------------------------------------

Distributed RAM: Preliminary Mapping  Report (see note below)
+------------------------------+-----------------------------------------------------------------------------------------------------------+----------------+----------------------+---------------+
|Module Name                   | RTL Object                                                                                                | Inference      | Size (Depth x Width) | Primitives    | 
+------------------------------+-----------------------------------------------------------------------------------------------------------+----------------+----------------------+---------------+
|inst/\gen_fifo.fifo_gen_inst  | inst_fifo_gen/gaxi_full_lite.gwrite_ch.gwach2.axi_wach/grf.rf/gntv_or_sync_fifo.mem/gdm.dm_gen.dm/RAM_reg | User Attribute | 32 x 60              | RAM32M x 10   | 
+------------------------------+-----------------------------------------------------------------------------------------------------------+----------------+----------------------+---------------+

Note: The table above is a preliminary report that shows the Distributed RAMs at the current stage of the synthesis flow. Some Distributed RAMs may be reimplemented as non Distributed RAM primitives later in the synthesis flow. Multiple instantiated RAMs are reported only once.
---------------------------------------------------------------------------------
Finished ROM, RAM, DSP and Shift Register Reporting
---------------------------------------------------------------------------------
Finished Applying XDC Timing Constraints : Time (s): cpu = 00:01:29 ; elapsed = 00:01:31 . Memory (MB): peak = 1510.648 ; gain = 410.410 ; free physical = 695 ; free virtual = 5181
Finished Timing Optimization : Time (s): cpu = 00:01:29 ; elapsed = 00:01:31 . Memory (MB): peak = 1511.648 ; gain = 411.410 ; free physical = 695 ; free virtual = 5181
Finished Technology Mapping : Time (s): cpu = 00:01:29 ; elapsed = 00:01:31 . Memory (MB): peak = 1531.680 ; gain = 431.441 ; free physical = 691 ; free virtual = 5177
Finished IO Insertion : Time (s): cpu = 00:01:30 ; elapsed = 00:01:32 . Memory (MB): peak = 1531.680 ; gain = 431.441 ; free physical = 686 ; free virtual = 5172
Finished Renaming Generated Instances : Time (s): cpu = 00:01:30 ; elapsed = 00:01:32 . Memory (MB): peak = 1531.680 ; gain = 431.441 ; free physical = 686 ; free virtual = 5172
Finished Rebuilding User Hierarchy : Time (s): cpu = 00:01:30 ; elapsed = 00:01:32 . Memory (MB): peak = 1531.680 ; gain = 431.441 ; free physical = 685 ; free virtual = 5171
Finished Renaming Generated Ports : Time (s): cpu = 00:01:30 ; elapsed = 00:01:32 . Memory (MB): peak = 1531.680 ; gain = 431.441 ; free physical = 685 ; free virtual = 5171
Finished Handling Custom Attributes : Time (s): cpu = 00:01:30 ; elapsed = 00:01:32 . Memory (MB): peak = 1531.680 ; gain = 431.441 ; free physical = 686 ; free virtual = 5172
Finished Renaming Generated Nets : Time (s): cpu = 00:01:30 ; elapsed = 00:01:32 . Memory (MB): peak = 1531.680 ; gain = 431.441 ; free physical = 686 ; free virtual = 5172

Report Cell Usage: 
+------+---------+------+
|      |Cell     |Count |
+------+---------+------+
|1     |CARRY4   |     3|
|2     |LUT1     |    15|
|3     |LUT2     |    39|
|4     |LUT3     |    11|
|5     |LUT4     |    37|
|6     |LUT5     |    17|
|7     |LUT6     |    13|
|8     |MUXCY    |    20|
|9     |RAM32M   |    10|
|10    |RAMB18E1 |     1|
|11    |RAMB36E1 |     1|
|12    |FDCE     |    22|
|13    |FDPE     |    74|
|14    |FDRE     |   323|
|15    |FDSE     |     5|
+------+---------+------+
Finished Writing Synthesis Report : Time (s): cpu = 00:01:30 ; elapsed = 00:01:32 . Memory (MB): peak = 1531.680 ; gain = 431.441 ; free physical = 686 ; free virtual = 5172
synth_design: Time (s): cpu = 00:01:32 ; elapsed = 00:01:34 . Memory (MB): peak = 1531.688 ; gain = 444.035 ; free physical = 699 ; free virtual = 5185
