
*** Running vivado
    with args -log system_auto_pc_1.vds -m64 -product Vivado -mode batch -messageDb vivado.pb -notrace -source system_auto_pc_1.tcl


****** Vivado v2017.1 (64-bit)
  **** SW Build 1846317 on Fri Apr 14 18:54:47 MDT 2017
  **** IP Build 1846188 on Fri Apr 14 20:52:08 MDT 2017
    ** Copyright 1986-2017 Xilinx, Inc. All Rights Reserved.

source system_auto_pc_1.tcl -notrace
Starting RTL Elaboration : Time (s): cpu = 00:00:05 ; elapsed = 00:00:05 . Memory (MB): peak = 1153.234 ; gain = 52.996 ; free physical = 733 ; free virtual = 5219
INFO: [Synth 8-638] synthesizing module 'system_auto_pc_1' [/home/krueger/cs5222/projects/project2/cs5222-lab-fpga-mlp/zynq/build/system.srcs/sources_1/bd/system/ip/system_auto_pc_1/synth/system_auto_pc_1.v:58]
INFO: [Synth 8-638] synthesizing module 'axi_protocol_converter_v2_1_12_axi_protocol_converter' [/home/krueger/cs5222/projects/project2/cs5222-lab-fpga-mlp/zynq/build/system.srcs/sources_1/bd/system/ipshared/138d/hdl/axi_protocol_converter_v2_1_vl_rfs.v:4811]
INFO: [Synth 8-638] synthesizing module 'axi_protocol_converter_v2_1_12_axi3_conv' [/home/krueger/cs5222/projects/project2/cs5222-lab-fpga-mlp/zynq/build/system.srcs/sources_1/bd/system/ipshared/138d/hdl/axi_protocol_converter_v2_1_vl_rfs.v:954]
INFO: [Synth 8-638] synthesizing module 'axi_protocol_converter_v2_1_12_a_axi3_conv' [/home/krueger/cs5222/projects/project2/cs5222-lab-fpga-mlp/zynq/build/system.srcs/sources_1/bd/system/ipshared/138d/hdl/axi_protocol_converter_v2_1_vl_rfs.v:62]
INFO: [Synth 8-638] synthesizing module 'axi_data_fifo_v2_1_11_axic_fifo' [/home/krueger/cs5222/projects/project2/cs5222-lab-fpga-mlp/zynq/build/system.srcs/sources_1/bd/system/ipshared/5235/hdl/axi_data_fifo_v2_1_vl_rfs.v:64]
INFO: [Synth 8-638] synthesizing module 'axi_data_fifo_v2_1_11_fifo_gen' [/home/krueger/cs5222/projects/project2/cs5222-lab-fpga-mlp/zynq/build/system.srcs/sources_1/bd/system/ipshared/5235/hdl/axi_data_fifo_v2_1_vl_rfs.v:168]
INFO: [Synth 8-256] done synthesizing module 'axi_data_fifo_v2_1_11_fifo_gen' (19#1) [/home/krueger/cs5222/projects/project2/cs5222-lab-fpga-mlp/zynq/build/system.srcs/sources_1/bd/system/ipshared/5235/hdl/axi_data_fifo_v2_1_vl_rfs.v:168]
INFO: [Synth 8-256] done synthesizing module 'axi_data_fifo_v2_1_11_axic_fifo' (20#1) [/home/krueger/cs5222/projects/project2/cs5222-lab-fpga-mlp/zynq/build/system.srcs/sources_1/bd/system/ipshared/5235/hdl/axi_data_fifo_v2_1_vl_rfs.v:64]
INFO: [Synth 8-256] done synthesizing module 'axi_protocol_converter_v2_1_12_a_axi3_conv' (21#1) [/home/krueger/cs5222/projects/project2/cs5222-lab-fpga-mlp/zynq/build/system.srcs/sources_1/bd/system/ipshared/138d/hdl/axi_protocol_converter_v2_1_vl_rfs.v:62]
INFO: [Synth 8-638] synthesizing module 'axi_protocol_converter_v2_1_12_r_axi3_conv' [/home/krueger/cs5222/projects/project2/cs5222-lab-fpga-mlp/zynq/build/system.srcs/sources_1/bd/system/ipshared/138d/hdl/axi_protocol_converter_v2_1_vl_rfs.v:1789]
INFO: [Synth 8-256] done synthesizing module 'axi_protocol_converter_v2_1_12_r_axi3_conv' (22#1) [/home/krueger/cs5222/projects/project2/cs5222-lab-fpga-mlp/zynq/build/system.srcs/sources_1/bd/system/ipshared/138d/hdl/axi_protocol_converter_v2_1_vl_rfs.v:1789]
INFO: [Synth 8-256] done synthesizing module 'axi_protocol_converter_v2_1_12_axi3_conv' (23#1) [/home/krueger/cs5222/projects/project2/cs5222-lab-fpga-mlp/zynq/build/system.srcs/sources_1/bd/system/ipshared/138d/hdl/axi_protocol_converter_v2_1_vl_rfs.v:954]
INFO: [Synth 8-256] done synthesizing module 'axi_protocol_converter_v2_1_12_axi_protocol_converter' (24#1) [/home/krueger/cs5222/projects/project2/cs5222-lab-fpga-mlp/zynq/build/system.srcs/sources_1/bd/system/ipshared/138d/hdl/axi_protocol_converter_v2_1_vl_rfs.v:4811]
INFO: [Synth 8-256] done synthesizing module 'system_auto_pc_1' (25#1) [/home/krueger/cs5222/projects/project2/cs5222-lab-fpga-mlp/zynq/build/system.srcs/sources_1/bd/system/ip/system_auto_pc_1/synth/system_auto_pc_1.v:58]
Finished RTL Elaboration : Time (s): cpu = 00:00:35 ; elapsed = 00:00:36 . Memory (MB): peak = 1274.734 ; gain = 174.496 ; free physical = 1598 ; free virtual = 6138
Finished RTL Optimization Phase 1 : Time (s): cpu = 00:00:35 ; elapsed = 00:00:36 . Memory (MB): peak = 1274.734 ; gain = 174.496 ; free physical = 1598 ; free virtual = 6139
INFO: [Device 21-403] Loading part xc7z020clg484-1
Constraint Validation Runtime : Time (s): cpu = 00:00:00.03 ; elapsed = 00:00:00.04 . Memory (MB): peak = 1536.008 ; gain = 0.000 ; free physical = 1290 ; free virtual = 5831
Finished Constraint Validation : Time (s): cpu = 00:00:47 ; elapsed = 00:00:48 . Memory (MB): peak = 1536.008 ; gain = 435.770 ; free physical = 1355 ; free virtual = 5896
Finished Loading Part and Timing Information : Time (s): cpu = 00:00:47 ; elapsed = 00:00:48 . Memory (MB): peak = 1536.008 ; gain = 435.770 ; free physical = 1355 ; free virtual = 5896
Finished applying 'set_property' XDC Constraints : Time (s): cpu = 00:00:47 ; elapsed = 00:00:48 . Memory (MB): peak = 1536.008 ; gain = 435.770 ; free physical = 1357 ; free virtual = 5898
Finished RTL Optimization Phase 2 : Time (s): cpu = 00:00:47 ; elapsed = 00:00:49 . Memory (MB): peak = 1536.008 ; gain = 435.770 ; free physical = 1341 ; free virtual = 5882
Finished Cross Boundary and Area Optimization : Time (s): cpu = 00:00:48 ; elapsed = 00:00:50 . Memory (MB): peak = 1536.008 ; gain = 435.770 ; free physical = 1321 ; free virtual = 5862
---------------------------------------------------------------------------------
Start ROM, RAM, DSP and Shift Register Reporting
---------------------------------------------------------------------------------

Distributed RAM: Preliminary Mapping  Report (see note below)
+-------------------------------------------------------------------------------------------------------------------+-------------------------------------------------------------------------------+----------------+----------------------+----------------+
|Module Name                                                                                                        | RTL Object                                                                    | Inference      | Size (Depth x Width) | Primitives     | 
+-------------------------------------------------------------------------------------------------------------------+-------------------------------------------------------------------------------+----------------+----------------------+----------------+
|inst/\gen_axi4_axi3.axi3_conv_inst/USE_READ.USE_SPLIT_R.read_addr_inst/USE_R_CHANNEL.cmd_queue/inst/fifo_gen_inst  | inst_fifo_gen/gconvfifo.rf/grf.rf/gntv_or_sync_fifo.mem/gdm.dm_gen.dm/RAM_reg | User Attribute | 32 x 1               | RAM32X1D x 1   | 
+-------------------------------------------------------------------------------------------------------------------+-------------------------------------------------------------------------------+----------------+----------------------+----------------+

Note: The table above is a preliminary report that shows the Distributed RAMs at the current stage of the synthesis flow. Some Distributed RAMs may be reimplemented as non Distributed RAM primitives later in the synthesis flow. Multiple instantiated RAMs are reported only once.
---------------------------------------------------------------------------------
Finished ROM, RAM, DSP and Shift Register Reporting
---------------------------------------------------------------------------------
Finished Applying XDC Timing Constraints : Time (s): cpu = 00:00:56 ; elapsed = 00:00:58 . Memory (MB): peak = 1536.008 ; gain = 435.770 ; free physical = 1073 ; free virtual = 5613
Finished Timing Optimization : Time (s): cpu = 00:00:57 ; elapsed = 00:00:59 . Memory (MB): peak = 1536.008 ; gain = 435.770 ; free physical = 1067 ; free virtual = 5607
Finished Technology Mapping : Time (s): cpu = 00:00:57 ; elapsed = 00:00:59 . Memory (MB): peak = 1536.008 ; gain = 435.770 ; free physical = 1070 ; free virtual = 5611
Finished IO Insertion : Time (s): cpu = 00:00:58 ; elapsed = 00:01:00 . Memory (MB): peak = 1536.008 ; gain = 435.770 ; free physical = 1116 ; free virtual = 5656
Finished Renaming Generated Instances : Time (s): cpu = 00:00:58 ; elapsed = 00:01:00 . Memory (MB): peak = 1536.008 ; gain = 435.770 ; free physical = 1116 ; free virtual = 5656
Finished Rebuilding User Hierarchy : Time (s): cpu = 00:00:58 ; elapsed = 00:01:00 . Memory (MB): peak = 1536.008 ; gain = 435.770 ; free physical = 1115 ; free virtual = 5656
Finished Renaming Generated Ports : Time (s): cpu = 00:00:58 ; elapsed = 00:01:00 . Memory (MB): peak = 1536.008 ; gain = 435.770 ; free physical = 1115 ; free virtual = 5656
Finished Handling Custom Attributes : Time (s): cpu = 00:00:58 ; elapsed = 00:01:00 . Memory (MB): peak = 1536.008 ; gain = 435.770 ; free physical = 1115 ; free virtual = 5656
Finished Renaming Generated Nets : Time (s): cpu = 00:00:58 ; elapsed = 00:01:00 . Memory (MB): peak = 1536.008 ; gain = 435.770 ; free physical = 1115 ; free virtual = 5656

Report Cell Usage: 
+------+---------+------+
|      |Cell     |Count |
+------+---------+------+
|1     |CARRY4   |     8|
|2     |LUT1     |     8|
|3     |LUT2     |    21|
|4     |LUT3     |    25|
|5     |LUT4     |    26|
|6     |LUT5     |    71|
|7     |LUT6     |    31|
|8     |RAM32X1D |     1|
|9     |FDCE     |    23|
|10    |FDPE     |    21|
|11    |FDRE     |   146|
|12    |FDSE     |     1|
+------+---------+------+
Finished Writing Synthesis Report : Time (s): cpu = 00:00:58 ; elapsed = 00:01:00 . Memory (MB): peak = 1536.008 ; gain = 435.770 ; free physical = 1115 ; free virtual = 5656
synth_design: Time (s): cpu = 00:00:59 ; elapsed = 00:01:01 . Memory (MB): peak = 1536.016 ; gain = 448.363 ; free physical = 1129 ; free virtual = 5670
